This is pdfTeX, Version 3.14159265-2.6-1.40.18 (TeX Live 2017/Debian) (preloaded format=pdflatex 2018.11.3)  4 NOV 2018 15:45
entering extended mode
 restricted \write18 enabled.
 %&-line parsing enabled.
**template.tex
(./template.tex
LaTeX2e <2017-04-15>
Babel <3.18> and hyphenation patterns for 84 language(s) loaded.
(./nitkdiss.cls
Document Class: nitkdiss 2005/03/09 Class for NITK Dissertations
(/usr/share/texlive/texmf-dist/tex/latex/base/report.cls
Document Class: report 2014/09/29 v1.4h Standard LaTeX document class
(/usr/share/texlive/texmf-dist/tex/latex/base/size12.clo
File: size12.clo 2014/09/29 v1.4h Standard LaTeX file (size option)
)
\c@part=\count79
\c@chapter=\count80
\c@section=\count81
\c@subsection=\count82
\c@subsubsection=\count83
\c@paragraph=\count84
\c@subparagraph=\count85
\c@figure=\count86
\c@table=\count87
\abovecaptionskip=\skip41
\belowcaptionskip=\skip42
\bibindent=\dimen102
)
(/usr/share/texlive/texmf-dist/tex/latex/geometry/geometry.sty
Package: geometry 2010/09/12 v5.6 Page Geometry

(/usr/share/texlive/texmf-dist/tex/latex/graphics/keyval.sty
Package: keyval 2014/10/28 v1.15 key=value parser (DPC)
\KV@toks@=\toks14
)
(/usr/share/texlive/texmf-dist/tex/generic/oberdiek/ifpdf.sty
Package: ifpdf 2017/03/15 v3.2 Provides the ifpdf switch
)
(/usr/share/texlive/texmf-dist/tex/generic/oberdiek/ifvtex.sty
Package: ifvtex 2016/05/16 v1.6 Detect VTeX and its facilities (HO)
Package ifvtex Info: VTeX not detected.
)
(/usr/share/texlive/texmf-dist/tex/generic/ifxetex/ifxetex.sty
Package: ifxetex 2010/09/12 v0.6 Provides ifxetex conditional
)
\Gm@cnth=\count88
\Gm@cntv=\count89
\c@Gm@tempcnt=\count90
\Gm@bindingoffset=\dimen103
\Gm@wd@mp=\dimen104
\Gm@odd@mp=\dimen105
\Gm@even@mp=\dimen106
\Gm@layoutwidth=\dimen107
\Gm@layoutheight=\dimen108
\Gm@layouthoffset=\dimen109
\Gm@layoutvoffset=\dimen110
\Gm@dimlist=\toks15
)
(/usr/share/texlive/texmf-dist/tex/latex/setspace/setspace.sty
Package: setspace 2011/12/19 v6.7a set line spacing
)
(./atbeginend.sty) (/usr/share/texlive/texmf-dist/tex/latex/caption/caption.sty
Package: caption 2016/02/21 v3.3-144 Customizing captions (AR)
(/usr/share/texlive/texmf-dist/tex/latex/caption/caption3.sty
Package: caption3 2016/05/22 v1.7-166 caption3 kernel (AR)
Package caption3 Info: TeX engine: e-TeX on input line 67.
\captionmargin=\dimen111
\captionmargin@=\dimen112
\captionwidth=\dimen113
\caption@tempdima=\dimen114
\caption@indent=\dimen115
\caption@parindent=\dimen116
\caption@hangindent=\dimen117
)
\c@ContinuedFloat=\count91
)
(/usr/share/texlive/texmf-dist/tex/latex/graphics/graphicx.sty
Package: graphicx 2017/06/01 v1.1a Enhanced LaTeX Graphics (DPC,SPQR)

(/usr/share/texlive/texmf-dist/tex/latex/graphics/graphics.sty
Package: graphics 2017/06/25 v1.2c Standard LaTeX Graphics (DPC,SPQR)

(/usr/share/texlive/texmf-dist/tex/latex/graphics/trig.sty
Package: trig 2016/01/03 v1.10 sin cos tan (DPC)
)
(/usr/share/texlive/texmf-dist/tex/latex/graphics-cfg/graphics.cfg
File: graphics.cfg 2016/06/04 v1.11 sample graphics configuration
)
Package graphics Info: Driver file: dvips.def on input line 99.

(/usr/share/texlive/texmf-dist/tex/latex/graphics-def/dvips.def
File: dvips.def 2017/06/20 v3.1d Graphics/color driver for dvips
))
\Gin@req@height=\dimen118
\Gin@req@width=\dimen119
))
(/usr/share/texlive/texmf-dist/tex/latex/amsmath/amsmath.sty
Package: amsmath 2017/09/02 v2.17a AMS math features
\@mathmargin=\skip43

For additional information on amsmath, use the `?' option.
(/usr/share/texlive/texmf-dist/tex/latex/amsmath/amstext.sty
Package: amstext 2000/06/29 v2.01 AMS text

(/usr/share/texlive/texmf-dist/tex/latex/amsmath/amsgen.sty
File: amsgen.sty 1999/11/30 v2.0 generic functions
\@emptytoks=\toks16
\ex@=\dimen120
))
(/usr/share/texlive/texmf-dist/tex/latex/amsmath/amsbsy.sty
Package: amsbsy 1999/11/29 v1.2d Bold Symbols
\pmbraise@=\dimen121
)
(/usr/share/texlive/texmf-dist/tex/latex/amsmath/amsopn.sty
Package: amsopn 2016/03/08 v2.02 operator names
)
\inf@bad=\count92
LaTeX Info: Redefining \frac on input line 213.
\uproot@=\count93
\leftroot@=\count94
LaTeX Info: Redefining \overline on input line 375.
\classnum@=\count95
\DOTSCASE@=\count96
LaTeX Info: Redefining \ldots on input line 472.
LaTeX Info: Redefining \dots on input line 475.
LaTeX Info: Redefining \cdots on input line 596.
\Mathstrutbox@=\box26
\strutbox@=\box27
\big@size=\dimen122
LaTeX Font Info:    Redeclaring font encoding OML on input line 712.
LaTeX Font Info:    Redeclaring font encoding OMS on input line 713.
\macc@depth=\count97
\c@MaxMatrixCols=\count98
\dotsspace@=\muskip10
\c@parentequation=\count99
\dspbrk@lvl=\count100
\tag@help=\toks17
\row@=\count101
\column@=\count102
\maxfields@=\count103
\andhelp@=\toks18
\eqnshift@=\dimen123
\alignsep@=\dimen124
\tagshift@=\dimen125
\tagwidth@=\dimen126
\totwidth@=\dimen127
\lineht@=\dimen128
\@envbody=\toks19
\multlinegap=\skip44
\multlinetaggap=\skip45
\mathdisplay@stack=\toks20
LaTeX Info: Redefining \[ on input line 2817.
LaTeX Info: Redefining \] on input line 2818.
)
(/usr/share/texlive/texmf-dist/tex/latex/amsfonts/amssymb.sty
Package: amssymb 2013/01/14 v3.01 AMS font symbols

(/usr/share/texlive/texmf-dist/tex/latex/amsfonts/amsfonts.sty
Package: amsfonts 2013/01/14 v3.01 Basic AMSFonts support
\symAMSa=\mathgroup4
\symAMSb=\mathgroup5
LaTeX Font Info:    Overwriting math alphabet `\mathfrak' in version `bold'
(Font)                  U/euf/m/n --> U/euf/b/n on input line 106.
))
(/usr/share/texlive/texmf-dist/tex/latex/graphics/color.sty
Package: color 2016/07/10 v1.1e Standard LaTeX Color (DPC)

(/usr/share/texlive/texmf-dist/tex/latex/graphics-cfg/color.cfg
File: color.cfg 2016/01/02 v1.6 sample color configuration
)
Package color Info: Driver file: pdftex.def on input line 147.

(/usr/share/texlive/texmf-dist/tex/latex/graphics-def/pdftex.def
File: pdftex.def 2018/01/08 v1.0l Graphics/color driver for pdftex
))
(/usr/share/texlive/texmf-dist/tex/latex/colortbl/colortbl.sty
Package: colortbl 2012/02/13 v1.0a Color table columns (DPC)

(/usr/share/texlive/texmf-dist/tex/latex/tools/array.sty
Package: array 2016/10/06 v2.4d Tabular extension package (FMi)
\col@sep=\dimen129
\extrarowheight=\dimen130
\NC@list=\toks21
\extratabsurround=\skip46
\backup@length=\skip47
)
\everycr=\toks22
\minrowclearance=\skip48
) (./template.aux)
\openout1 = `template.aux'.

LaTeX Font Info:    Checking defaults for OML/cmm/m/it on input line 11.
LaTeX Font Info:    ... okay on input line 11.
LaTeX Font Info:    Checking defaults for T1/cmr/m/n on input line 11.
LaTeX Font Info:    ... okay on input line 11.
LaTeX Font Info:    Checking defaults for OT1/cmr/m/n on input line 11.
LaTeX Font Info:    ... okay on input line 11.
LaTeX Font Info:    Checking defaults for OMS/cmsy/m/n on input line 11.
LaTeX Font Info:    ... okay on input line 11.
LaTeX Font Info:    Checking defaults for OMX/cmex/m/n on input line 11.
LaTeX Font Info:    ... okay on input line 11.
LaTeX Font Info:    Checking defaults for U/cmr/m/n on input line 11.
LaTeX Font Info:    ... okay on input line 11.

*geometry* driver: auto-detecting
*geometry* detected driver: pdftex
*geometry* verbose mode - [ preamble ] result:
* driver: pdftex
* paper: a4paper
* layout: <same size as paper>
* layoutoffset:(h,v)=(0.0pt,0.0pt)
* modes: 
* h-part:(L,W,R)=(72.26999pt, 452.9679pt, 72.26999pt)
* v-part:(T,H,B)=(72.26999pt, 724.57224pt, 48.20462pt)
* \paperwidth=597.50787pt
* \paperheight=845.04684pt
* \textwidth=452.9679pt
* \textheight=724.57224pt
* \oddsidemargin=0.0pt
* \evensidemargin=0.0pt
* \topmargin=0.0pt
* \headheight=0.0pt
* \headsep=0.0pt
* \topskip=12.0pt
* \footskip=30.0pt
* \marginparwidth=35.0pt
* \marginparsep=10.0pt
* \columnsep=10.0pt
* \skip\footins=10.8pt plus 4.0pt minus 2.0pt
* \hoffset=0.0pt
* \voffset=0.0pt
* \mag=1000
* \@twocolumnfalse
* \@twosidefalse
* \@mparswitchfalse
* \@reversemarginfalse
* (1in=72.27pt=25.4mm, 1cm=28.453pt)

Package caption Info: Begin \AtBeginDocument code.
Package caption Info: End \AtBeginDocument code.
(/usr/share/texlive/texmf-dist/tex/context/base/mkii/supp-pdf.mkii
[Loading MPS to PDF converter (version 2006.09.02).]
\scratchcounter=\count104
\scratchdimen=\dimen131
\scratchbox=\box28
\nofMPsegments=\count105
\nofMParguments=\count106
\everyMPshowfont=\toks23
\MPscratchCnt=\count107
\MPscratchDim=\dimen132
\MPnumerator=\count108
\makeMPintoPDFobject=\count109
\everyMPtoPDFconversion=\toks24
) (/usr/share/texlive/texmf-dist/tex/latex/oberdiek/epstopdf-base.sty
Package: epstopdf-base 2016/05/15 v2.6 Base part for package epstopdf

(/usr/share/texlive/texmf-dist/tex/generic/oberdiek/infwarerr.sty
Package: infwarerr 2016/05/16 v1.4 Providing info/warning/error messages (HO)
)
(/usr/share/texlive/texmf-dist/tex/latex/oberdiek/grfext.sty
Package: grfext 2016/05/16 v1.2 Manage graphics extensions (HO)

(/usr/share/texlive/texmf-dist/tex/generic/oberdiek/kvdefinekeys.sty
Package: kvdefinekeys 2016/05/16 v1.4 Define keys (HO)

(/usr/share/texlive/texmf-dist/tex/generic/oberdiek/ltxcmds.sty
Package: ltxcmds 2016/05/16 v1.23 LaTeX kernel commands for general use (HO)
)))
(/usr/share/texlive/texmf-dist/tex/latex/oberdiek/kvoptions.sty
Package: kvoptions 2016/05/16 v3.12 Key value format for package options (HO)

(/usr/share/texlive/texmf-dist/tex/generic/oberdiek/kvsetkeys.sty
Package: kvsetkeys 2016/05/16 v1.17 Key value parser (HO)

(/usr/share/texlive/texmf-dist/tex/generic/oberdiek/etexcmds.sty
Package: etexcmds 2016/05/16 v1.6 Avoid name clashes with e-TeX commands (HO)

(/usr/share/texlive/texmf-dist/tex/generic/oberdiek/ifluatex.sty
Package: ifluatex 2016/05/16 v1.4 Provides the ifluatex switch (HO)
Package ifluatex Info: LuaTeX not detected.
)
Package etexcmds Info: Could not find \expanded.
(etexcmds)             That can mean that you are not using pdfTeX 1.50 or
(etexcmds)             that some package has redefined \expanded.
(etexcmds)             In the latter case, load this package earlier.
)))
(/usr/share/texlive/texmf-dist/tex/generic/oberdiek/pdftexcmds.sty
Package: pdftexcmds 2018/01/21 v0.26 Utility functions of pdfTeX for LuaTeX (HO
)
Package pdftexcmds Info: LuaTeX not detected.
Package pdftexcmds Info: \pdf@primitive is available.
Package pdftexcmds Info: \pdf@ifprimitive is available.
Package pdftexcmds Info: \pdfdraftmode found.
)
Package epstopdf-base Info: Redefining graphics rule for `.eps' on input line 4
38.
Package grfext Info: Graphics extension search list:
(grfext)             [.pdf,.png,.jpg,.mps,.jpeg,.jbig2,.jb2,.PDF,.PNG,.JPG,.JPE
G,.JBIG2,.JB2,.eps]
(grfext)             \AppendGraphicsExtensions on input line 456.

(/usr/share/texlive/texmf-dist/tex/latex/latexconfig/epstopdf-sys.cfg
File: epstopdf-sys.cfg 2010/07/13 v1.3 Configuration of (r)epstopdf for TeX Liv
e
))
Package epstopdf Info: Source file: <nitk.eps>
(epstopdf)                    date: 2014-09-24 15:44:40
(epstopdf)                    size: 2063330 bytes
(epstopdf)             Output file: <nitk-eps-converted-to.pdf>
(epstopdf)                    date: 2018-09-14 17:01:35
(epstopdf)                    size: 772384 bytes
(epstopdf)             Command: <repstopdf --outfile=nitk-eps-converted-to.pdf 
nitk.eps>
(epstopdf)             \includegraphics on input line 13.
Package epstopdf Info: Output file is already uptodate.
<nitk-eps-converted-to.pdf, id=1, 1627.07875pt x 1347.0325pt>
File: nitk-eps-converted-to.pdf Graphic file (type pdf)
<use nitk-eps-converted-to.pdf>
Package pdftex.def Info: nitk-eps-converted-to.pdf  used on input line 13.
(pdftex.def)             Requested size: 144.54pt x 119.64503pt.

[0
Non-PDF special ignored!

{/var/lib/texmf/fonts/map/pdftex/updmap/pdftex.map} <./nitk-eps-converted-to.pd
f>] [1

] (./template.toc
LaTeX Font Info:    Try loading font information for U+msa on input line 3.

(/usr/share/texlive/texmf-dist/tex/latex/amsfonts/umsa.fd
File: umsa.fd 2013/01/14 v3.01 AMS symbols A
)
LaTeX Font Info:    Try loading font information for U+msb on input line 3.

(/usr/share/texlive/texmf-dist/tex/latex/amsfonts/umsb.fd
File: umsb.fd 2013/01/14 v3.01 AMS symbols B
))
\tf@toc=\write3
\openout3 = `template.toc'.

 [2

] (./template.lof)
\tf@lof=\write4
\openout4 = `template.lof'.

 [3

] (./template.lot)
\tf@lot=\write5
\openout5 = `template.lot'.

 [4

]
CHAPTER 1.
<perforator.png, id=25, 557.08125pt x 441.65pt>
File: perforator.png Graphic file (type png)
<use perforator.png>
Package pdftex.def Info: perforator.png  used on input line 38.
(pdftex.def)             Requested size: 222.82855pt x 176.65686pt.
[1

 <./perforator.png>]
<Colour_Doppler.png, id=29, 383.4325pt x 232.87pt>
File: Colour_Doppler.png Graphic file (type png)
<use Colour_Doppler.png>
Package pdftex.def Info: Colour_Doppler.png  used on input line 59.
(pdftex.def)             Requested size: 230.06126pt x 139.72307pt.
<H_Doppler.png, id=31, 193.72375pt x 213.79875pt>
File: H_Doppler.png Graphic file (type png)
<use H_Doppler.png>
Package pdftex.def Info: H_Doppler.png  used on input line 65.
(pdftex.def)             Requested size: 135.60568pt x 149.6581pt.
 [2 <./Colour_Doppler.png> <./H_Doppler.png>] [3]
CHAPTER 2.

Underfull \hbox (badness 10000) in paragraph at lines 82--83

 []


Underfull \hbox (badness 10000) in paragraph at lines 86--87

 []

[4

] [5]
CHAPTER 3.

Underfull \hbox (badness 10000) in paragraph at lines 103--106

 []

<spec.png, id=51, 1120.185pt x 602.25pt>
File: spec.png Graphic file (type png)
<use spec.png>
Package pdftex.def Info: spec.png  used on input line 108.
(pdftex.def)             Requested size: 448.06606pt x 240.89572pt.
<auto1.png, id=52, 1055.945pt x 600.2425pt>
File: auto1.png Graphic file (type png)
<use auto1.png>
Package pdftex.def Info: auto1.png  used on input line 116.
(pdftex.def)             Requested size: 348.46292pt x 198.08063pt.
[6

 <./spec.png>]
<auto2.png, id=57, 1130.2225pt x 613.29124pt>
File: auto2.png Graphic file (type png)
<use auto2.png>
Package pdftex.def Info: auto2.png  used on input line 125.
(pdftex.def)             Requested size: 372.97458pt x 202.38673pt.

Underfull \hbox (badness 10000) in paragraph at lines 129--130

 []

[7 <./auto1.png> <./auto2.png>]
Underfull \hbox (badness 10000) in paragraph at lines 144--145

 []

<clean_noisy.png, id=63, 1094.0875pt x 603.25375pt>
File: clean_noisy.png Graphic file (type png)
<use clean_noisy.png>
Package pdftex.def Info: clean_noisy.png  used on input line 147.
(pdftex.def)             Requested size: 437.62724pt x 241.29723pt.
<spec_cleanvsnoisy.png, id=64, 1092.08pt x 614.295pt>
File: spec_cleanvsnoisy.png Graphic file (type png)
<use spec_cleanvsnoisy.png>
Package pdftex.def Info: spec_cleanvsnoisy.png  used on input line 152.
(pdftex.def)             Requested size: 436.82426pt x 245.71364pt.
[8 <./clean_noisy.png>]
Underfull \hbox (badness 10000) in paragraph at lines 156--157

 []


Underfull \hbox (badness 10000) in paragraph at lines 158--159

 []

<spectrum.png, id=70, 1010.77625pt x 557.08125pt>
File: spectrum.png Graphic file (type png)
<use spectrum.png>
Package pdftex.def Info: spectrum.png  used on input line 161.
(pdftex.def)             Requested size: 363.87917pt x 200.54909pt.
[9 <./spec_cleanvsnoisy.png> <./spectrum.png>]
<clean_auto.png, id=76, 1162.3425pt x 633.36626pt>
File: clean_auto.png Graphic file (type png)
<use clean_auto.png>
Package pdftex.def Info: clean_auto.png  used on input line 168.
(pdftex.def)             Requested size: 441.69475pt x 240.68167pt.
<noisy_auto.png, id=77, 1082.0425pt x 652.4375pt>
File: noisy_auto.png Graphic file (type png)
<use noisy_auto.png>
Package pdftex.def Info: noisy_auto.png  used on input line 175.
(pdftex.def)             Requested size: 411.18042pt x 247.92882pt.

Underfull \hbox (badness 10000) in paragraph at lines 181--182

 []

[10 <./clean_auto.png> <./noisy_auto.png>]
Underfull \hbox (badness 10000) in paragraph at lines 203--204

 []


Underfull \hbox (badness 10000) in paragraph at lines 205--206

 []


Underfull \hbox (badness 10000) in paragraph at lines 212--214

 []

<wiener.png, id=83, 1182.4175pt x 638.385pt>
File: wiener.png Graphic file (type png)
<use wiener.png>
Package pdftex.def Info: wiener.png  used on input line 220.
(pdftex.def)             Requested size: 472.95862pt x 255.34947pt.

Overfull \hbox (19.99072pt too wide) in paragraph at lines 220--221
 [] 
 []

[11]
LaTeX Font Info:    Try loading font information for OMS+cmr on input line 251.

 (/usr/share/texlive/texmf-dist/tex/latex/base/omscmr.fd
File: omscmr.fd 2014/09/29 v2.5h Standard LaTeX font definitions
)
LaTeX Font Info:    Font shape `OMS/cmr/m/n' in size <12> not available
(Font)              Font shape `OMS/cmsy/m/n' tried instead on input line 251.
 [12 <./wiener.png>] [13

] (./template.aux) ) 
Here is how much of TeX's memory you used:
 4317 strings out of 492982
 63381 string characters out of 6134896
 122959 words of memory out of 5000000
 7779 multiletter control sequences out of 15000+600000
 14796 words of font info for 56 fonts, out of 8000000 for 9000
 1141 hyphenation exceptions out of 8191
 43i,9n,40p,688b,295s stack positions out of 5000i,500n,10000p,200000b,80000s
</usr/share/texlive/texmf-dist/fonts/type1/public/amsfonts/
cm/cmbx12.pfb></usr/share/texlive/texmf-dist/fonts/type1/public/amsfonts/cm/cmm
i12.pfb></usr/share/texlive/texmf-dist/fonts/type1/public/amsfonts/cm/cmmi6.pfb
></usr/share/texlive/texmf-dist/fonts/type1/public/amsfonts/cm/cmmi8.pfb></usr/
share/texlive/texmf-dist/fonts/type1/public/amsfonts/cm/cmr12.pfb></usr/share/t
exlive/texmf-dist/fonts/type1/public/amsfonts/cm/cmr17.pfb></usr/share/texlive/
texmf-dist/fonts/type1/public/amsfonts/cm/cmr8.pfb></usr/share/texlive/texmf-di
st/fonts/type1/public/amsfonts/cm/cmsy10.pfb></usr/share/texlive/texmf-dist/fon
ts/type1/public/amsfonts/cm/cmsy8.pfb></usr/share/texlive/texmf-dist/fonts/type
1/public/amsfonts/cm/cmti12.pfb>
Output written on template.pdf (18 pages, 2433710 bytes).
PDF statistics:
 130 PDF objects out of 1000 (max. 8388607)
 74 compressed objects within 1 object stream
 0 named destinations out of 1000 (max. 500000)
 66 words of extra memory for PDF output out of 10000 (max. 10000000)

